<?xml version="1.0" encoding="UTF-8"?>
<testsuite name="com.bridgelabz.BinaryTreeTest" tests="1" skipped="0" failures="0" errors="0" timestamp="2021-06-17T04:09:13" hostname="SHWETA29" time="0.143">
  <properties/>
  <testcase name="givenThreeNumbers_WhenAddedToBST_ShouldReturnSize()" classname="com.bridgelabz.BinaryTreeTest" time="0.143"/>
  <system-out><![CDATA[]]></system-out>
  <system-err><![CDATA[]]></system-err>
</testsuite>
